<?xml version="1.0" encoding="UTF-8"?>
<!-- Generated by org.testng.reporters.JUnitReportReporter -->
<testsuite skipped="1" hostname="LSTKEN13744" name="tests.RegisterUsers" tests="1" failures="0" timestamp="27 Sep 2019 00:10:05 GMT" time="0.000" errors="0">
  <testcase name="registerUserInformation" time="0.000" classname="tests.RegisterUsers">
    <skipped/>
  </testcase> <!-- registerUserInformation -->
</testsuite> <!-- tests.RegisterUsers -->
