<?xml version="1.0" encoding="UTF-8"?>
<!-- Generated by org.testng.reporters.JUnitReportReporter -->
<testsuite skipped="0" hostname="LSTKEN13744" name="tests.AutomationPracticeHomeAction" tests="1" failures="0" timestamp="26 Sep 2019 22:12:47 GMT" time="10.111" errors="0">
  <testcase name="testCase" time="10.111" classname="tests.AutomationPracticeHomeAction"/>
</testsuite> <!-- tests.AutomationPracticeHomeAction -->
